<?xml version="1.0" encoding="UTF-8"?>
<!-- Generated by org.testng.reporters.JUnitXMLReporter -->
<testsuite ignored="0" hostname="LAPTOP-DOHQRCCL" failures="0" tests="3" name="Default test" time="10.921" errors="0" timestamp="2023-05-24T08:19:56 IST">
  <testcase classname="testcase.LoginTest" name="forgetPass" time="4.226"/>
  <testcase classname="testcase.LoginTest" name="loginTest" time="2.787"/>
  <testcase classname="testcase.LoginTest" name="regTest" time="3.826"/>
</testsuite> <!-- Default test -->
