<?xml version="1.0" encoding="UTF-8"?>
<testng-results ignored="0" total="3" passed="3" failed="0" skipped="0">
  <reporter-output>
  </reporter-output>
  <suite started-at="2023-05-24T08:19:45 IST" name="Default suite" finished-at="2023-05-24T08:19:56 IST" duration-ms="10921">
    <groups>
    </groups>
    <test started-at="2023-05-24T08:19:45 IST" name="Default test" finished-at="2023-05-24T08:19:56 IST" duration-ms="10921">
      <class name="testcase.LoginTest">
        <test-method signature="forgetPass()[pri:0, instance:testcase.LoginTest@59309333]" started-at="2023-05-24T08:19:46 IST" name="forgetPass" finished-at="2023-05-24T08:19:50 IST" duration-ms="4226" status="PASS">
          <reporter-output>
          </reporter-output>
        </test-method> <!-- forgetPass -->
        <test-method signature="loginTest()[pri:0, instance:testcase.LoginTest@59309333]" started-at="2023-05-24T08:19:50 IST" name="loginTest" finished-at="2023-05-24T08:19:53 IST" duration-ms="2787" status="PASS">
          <reporter-output>
          </reporter-output>
        </test-method> <!-- loginTest -->
        <test-method signature="regTest()[pri:0, instance:testcase.LoginTest@59309333]" started-at="2023-05-24T08:19:53 IST" name="regTest" finished-at="2023-05-24T08:19:56 IST" duration-ms="3826" status="PASS">
          <reporter-output>
          </reporter-output>
        </test-method> <!-- regTest -->
      </class> <!-- testcase.LoginTest -->
    </test> <!-- Default test -->
  </suite> <!-- Default suite -->
</testng-results>
