<?xml version="1.0" encoding="UTF-8"?>
<!-- Generated by org.testng.reporters.JUnitXMLReporter -->
<testsuite ignored="0" hostname="LAPTOP-DOHQRCCL" failures="0" tests="3" name="Default test" time="0.041" errors="0" timestamp="2023-05-25T08:03:17 IST">
  <testcase classname="basic.Account" name="currentAccount" time="0.003"/>
  <testcase classname="basic.Account" name="loanAccount" time="0.001"/>
  <testcase classname="basic.Account" name="savingAccount" time="0.001"/>
</testsuite> <!-- Default test -->
