<?xml version="1.0" encoding="UTF-8"?>
<!-- Generated by org.testng.reporters.JUnitXMLReporter -->
<testsuite ignored="1" hostname="LAPTOP-DOHQRCCL" failures="0" tests="6" name="Test2" time="0.063" errors="0" timestamp="2023-05-11T08:00:03 IST">
  <testcase classname="basic.Payment" name="cod" time="0.002"/>
  <testcase classname="basic.Payment" name="creditCard" time="0.003"/>
  <testcase classname="basic.Payment" name="debitCard" time="0.004"/>
  <testcase classname="basic.NewTest" name="test2" time="0.01"/>
  <testcase classname="basic.NewTest" name="beta" time="0.002"/>
  <testcase classname="basic.NewTest" name="test1" time="0.001"/>
  <testcase classname="basic.NewTest" name="alpha" time="0.0">
    <ignored/>
  </testcase> <!-- alpha -->
</testsuite> <!-- Test2 -->
