<?xml version="1.0" encoding="UTF-8"?>
<!-- Generated by org.testng.reporters.JUnitXMLReporter -->
<testsuite ignored="3" hostname="LAPTOP-DOHQRCCL" failures="0" tests="3" name="Test1" time="0.068" errors="0" timestamp="2023-05-13T08:12:38 IST">
  <testcase classname="basic.Account" name="currentAccount" time="0.009"/>
  <testcase classname="basic.Account" name="loanAccount" time="0.002"/>
  <testcase classname="basic.Payment" name="creditCard" time="0.001"/>
  <testcase classname="basic.Account" name="savingAccount" time="0.0">
    <ignored/>
  </testcase> <!-- savingAccount -->
  <testcase classname="basic.Payment" name="cod" time="0.0">
    <ignored/>
  </testcase> <!-- cod -->
  <testcase classname="basic.Payment" name="debitCard" time="0.0">
    <ignored/>
  </testcase> <!-- debitCard -->
</testsuite> <!-- Test1 -->
