<?xml version="1.0" encoding="UTF-8"?>
<!-- Generated by org.testng.reporters.JUnitXMLReporter -->
<testsuite ignored="0" hostname="LAPTOP-DOHQRCCL" failures="0" tests="6" name="Test1" time="0.119" errors="0" timestamp="2023-05-11T08:00:02 IST">
  <testcase classname="basic.Account" name="currentAccount" time="0.011"/>
  <testcase classname="basic.Account" name="loanAccount" time="0.002"/>
  <testcase classname="basic.Account" name="savingAccount" time="0.004"/>
  <testcase classname="basic.Payment" name="cod" time="0.005"/>
  <testcase classname="basic.Payment" name="creditCard" time="0.002"/>
  <testcase classname="basic.Payment" name="debitCard" time="0.005"/>
</testsuite> <!-- Test1 -->
