<?xml version="1.0" encoding="UTF-8"?>
<!-- Generated by org.testng.reporters.JUnitXMLReporter -->
<testsuite ignored="0" hostname="LAPTOP-DOHQRCCL" failures="2" tests="2" name="Test" time="9.269" errors="0" timestamp="2023-05-15T08:29:01 IST">
  <testcase classname="listener.FbTest" name="titleCheck" time="3.853">
    <failure type="java.lang.AssertionError" message="expected [FB] but found [Facebook – log in or sign up]">
      <![CDATA[java.lang.AssertionError: expected [FB] but found [Facebook – log in or sign up]
at listener.FbTest.titleCheck(FbTest.java:19)
at java.base/java.util.ArrayList.forEach(ArrayList.java:1511)
... Removed 33 stack frames]]>
    </failure>
  </testcase> <!-- titleCheck -->
  <testcase classname="listener.FbTest" name="logincheck" time="4.891">
    <failure type="java.lang.AssertionError" message="expected [fb] but found [Facebook – log in or sign up]">
      <![CDATA[java.lang.AssertionError: expected [fb] but found [Facebook – log in or sign up]
at listener.FbTest.logincheck(FbTest.java:30)
at java.base/java.util.ArrayList.forEach(ArrayList.java:1511)
... Removed 33 stack frames]]>
    </failure>
  </testcase> <!-- logincheck -->
</testsuite> <!-- Test -->
