<?xml version="1.0" encoding="UTF-8"?>
<!-- Generated by org.testng.reporters.JUnitXMLReporter -->
<testsuite ignored="0" hostname="LAPTOP-DOHQRCCL" failures="0" tests="5" name="Default test" time="8.551" errors="0" timestamp="2023-05-19T08:22:17 IST">
  <testcase classname="com.keyword" name="test" time="4.054"/>
  <testcase classname="com.keyword" name="test" time="1.51"/>
  <testcase classname="com.keyword" name="test" time="0.137"/>
  <testcase classname="com.keyword" name="test" time="0.114"/>
  <testcase classname="com.keyword" name="test" time="0.118"/>
</testsuite> <!-- Default test -->
