<?xml version="1.0" encoding="UTF-8"?>
<testng-results ignored="4" total="10" passed="6" failed="0" skipped="0">
  <reporter-output>
  </reporter-output>
  <suite started-at="2023-05-11T08:20:00 IST" name="Suite" finished-at="2023-05-11T08:20:00 IST" duration-ms="115">
    <groups>
    </groups>
    <test started-at="2023-05-11T08:20:00 IST" name="Test" finished-at="2023-05-11T08:20:00 IST" duration-ms="115">
      <class name="basic.Account">
        <test-method signature="savingAccount()[pri:0, instance:basic.Account@37afeb11]" started-at="2023-05-11T08:20:00 IST" name="savingAccount" finished-at="2023-05-11T08:20:00 IST" duration-ms="12" status="PASS">
          <reporter-output>
          </reporter-output>
        </test-method> <!-- savingAccount -->
      </class> <!-- basic.Account -->
      <class name="basic.Payment">
        <test-method signature="cod()[pri:0, instance:basic.Payment@2d7275fc]" started-at="2023-05-11T08:20:00 IST" name="cod" finished-at="2023-05-11T08:20:00 IST" duration-ms="13" status="PASS">
          <reporter-output>
          </reporter-output>
        </test-method> <!-- cod -->
        <test-method signature="debitCard()[pri:0, instance:basic.Payment@2d7275fc]" started-at="2023-05-11T08:20:00 IST" name="debitCard" finished-at="2023-05-11T08:20:00 IST" duration-ms="5" status="PASS">
          <reporter-output>
          </reporter-output>
        </test-method> <!-- debitCard -->
      </class> <!-- basic.Payment -->
      <class name="basic.NewTest">
        <test-method signature="test2()[pri:1, instance:basic.NewTest@72d1ad2e]" started-at="2023-05-11T08:20:00 IST" name="test2" finished-at="2023-05-11T08:20:00 IST" duration-ms="1" status="PASS">
          <reporter-output>
          </reporter-output>
        </test-method> <!-- test2 -->
        <test-method signature="beta()[pri:3, instance:basic.NewTest@72d1ad2e]" started-at="2023-05-11T08:20:00 IST" name="beta" finished-at="2023-05-11T08:20:00 IST" duration-ms="2" status="PASS">
          <reporter-output>
          </reporter-output>
        </test-method> <!-- beta -->
        <test-method signature="test1()[pri:4, instance:basic.NewTest@72d1ad2e]" started-at="2023-05-11T08:20:00 IST" name="test1" finished-at="2023-05-11T08:20:00 IST" duration-ms="3" status="PASS">
          <reporter-output>
          </reporter-output>
        </test-method> <!-- test1 -->
      </class> <!-- basic.NewTest -->
    </test> <!-- Test -->
  </suite> <!-- Suite -->
</testng-results>
