<?xml version="1.0" encoding="UTF-8"?>
<testng-results ignored="0" total="2" passed="2" failed="0" skipped="0">
  <reporter-output>
  </reporter-output>
  <suite started-at="2023-05-16T07:58:31 IST" name="Suite" finished-at="2023-05-16T07:58:40 IST" duration-ms="9039">
    <groups>
    </groups>
    <test started-at="2023-05-16T07:58:31 IST" name="chrome" finished-at="2023-05-16T07:58:34 IST" duration-ms="3189">
      <class name="parallel.LoginTest">
        <test-method signature="test(java.lang.String)[pri:0, instance:parallel.LoginTest@6b81ce95]" started-at="2023-05-16T07:58:31 IST" name="test" finished-at="2023-05-16T07:58:34 IST" duration-ms="3126" status="PASS">
          <params>
            <param index="0">
              <value>
                <![CDATA[chrome]]>
              </value>
            </param>
          </params>
          <reporter-output>
          </reporter-output>
        </test-method> <!-- test -->
      </class> <!-- parallel.LoginTest -->
    </test> <!-- chrome -->
    <test started-at="2023-05-16T07:58:34 IST" name="edge" finished-at="2023-05-16T07:58:40 IST" duration-ms="5787">
      <class name="parallel.LoginTest">
        <test-method signature="test(java.lang.String)[pri:0, instance:parallel.LoginTest@128d2484]" started-at="2023-05-16T07:58:34 IST" name="test" finished-at="2023-05-16T07:58:40 IST" duration-ms="5783" status="PASS">
          <params>
            <param index="0">
              <value>
                <![CDATA[edge]]>
              </value>
            </param>
          </params>
          <reporter-output>
          </reporter-output>
        </test-method> <!-- test -->
      </class> <!-- parallel.LoginTest -->
    </test> <!-- edge -->
  </suite> <!-- Suite -->
</testng-results>
